
Starting stats with:  THREADS=1, MEASUREMENTS=10, IMGSIZE=16


 Performance counter stats for './mandelbrot_seq 0.175 0.375 -0.1 0.1 16 1' (10 runs):

          7.281115      task-clock (msec)         #    0.967 CPUs utilized            ( +-  1.30% )
                 0      context-switches          #    0.000 K/sec                  
                 0      cpu-migrations            #    0.000 K/sec                  
                52      page-faults               #    0.007 M/sec                    ( +-  0.67% )
   <not supported>      cycles                   
   <not supported>      stalled-cycles-frontend  
   <not supported>      stalled-cycles-backend   
   <not supported>      instructions             
   <not supported>      branches                 
   <not supported>      branch-misses            

       0.007532874 seconds time elapsed                                          ( +-  1.28% )


Starting stats with:  THREADS=1, MEASUREMENTS=10, IMGSIZE=32


 Performance counter stats for './mandelbrot_seq 0.175 0.375 -0.1 0.1 32 1' (10 runs):

         27.908318      task-clock (msec)         #    0.990 CPUs utilized            ( +-  0.18% )
                 0      context-switches          #    0.000 K/sec                  
                 0      cpu-migrations            #    0.007 K/sec                    ( +- 66.67% )
                60      page-faults               #    0.002 M/sec                    ( +-  0.52% )
   <not supported>      cycles                   
   <not supported>      stalled-cycles-frontend  
   <not supported>      stalled-cycles-backend   
   <not supported>      instructions             
   <not supported>      branches                 
   <not supported>      branch-misses            

       0.028194843 seconds time elapsed                                          ( +-  0.17% )


Starting stats with:  THREADS=1, MEASUREMENTS=10, IMGSIZE=64


 Performance counter stats for './mandelbrot_seq 0.175 0.375 -0.1 0.1 64 1' (10 runs):

        108.759716      task-clock (msec)         #    0.997 CPUs utilized            ( +-  0.47% )
                 0      context-switches          #    0.002 K/sec                    ( +- 66.67% )
                 0      cpu-migrations            #    0.000 K/sec                  
                90      page-faults               #    0.827 K/sec                    ( +-  0.31% )
   <not supported>      cycles                   
   <not supported>      stalled-cycles-frontend  
   <not supported>      stalled-cycles-backend   
   <not supported>      instructions             
   <not supported>      branches                 
   <not supported>      branch-misses            

       0.109084349 seconds time elapsed                                          ( +-  0.47% )


Starting stats with:  THREADS=1, MEASUREMENTS=10, IMGSIZE=128


 Performance counter stats for './mandelbrot_seq 0.175 0.375 -0.1 0.1 128 1' (10 runs):

        413.507213      task-clock (msec)         #    0.999 CPUs utilized            ( +-  0.62% )
                 1      context-switches          #    0.002 K/sec                    ( +- 37.19% )
                 0      cpu-migrations            #    0.000 K/sec                  
               210      page-faults               #    0.507 K/sec                    ( +-  0.16% )
   <not supported>      cycles                   
   <not supported>      stalled-cycles-frontend  
   <not supported>      stalled-cycles-backend   
   <not supported>      instructions             
   <not supported>      branches                 
   <not supported>      branch-misses            

       0.413930864 seconds time elapsed                                          ( +-  0.62% )


Starting stats with:  THREADS=1, MEASUREMENTS=10, IMGSIZE=256


 Performance counter stats for './mandelbrot_seq 0.175 0.375 -0.1 0.1 256 1' (10 runs):

       1659.636202      task-clock (msec)         #    1.000 CPUs utilized            ( +-  0.38% )
                 3      context-switches          #    0.002 K/sec                    ( +- 13.98% )
                 0      cpu-migrations            #    0.000 K/sec                  
               690      page-faults               #    0.416 K/sec                    ( +-  0.05% )
   <not supported>      cycles                   
   <not supported>      stalled-cycles-frontend  
   <not supported>      stalled-cycles-backend   
   <not supported>      instructions             
   <not supported>      branches                 
   <not supported>      branch-misses            

       1.660173077 seconds time elapsed                                          ( +-  0.38% )


Starting stats with:  THREADS=1, MEASUREMENTS=10, IMGSIZE=512


 Performance counter stats for './mandelbrot_seq 0.175 0.375 -0.1 0.1 512 1' (10 runs):

       6665.828488      task-clock (msec)         #    1.000 CPUs utilized            ( +-  0.13% )
                12      context-switches          #    0.002 K/sec                    ( +-  1.41% )
                 0      cpu-migrations            #    0.000 K/sec                  
             2,611      page-faults               #    0.392 K/sec                    ( +-  0.01% )
   <not supported>      cycles                   
   <not supported>      stalled-cycles-frontend  
   <not supported>      stalled-cycles-backend   
   <not supported>      instructions             
   <not supported>      branches                 
   <not supported>      branch-misses            

       6.666444962 seconds time elapsed                                          ( +-  0.13% )


Starting stats with:  THREADS=1, MEASUREMENTS=10, IMGSIZE=1024


 Performance counter stats for './mandelbrot_seq 0.175 0.375 -0.1 0.1 1024 1' (10 runs):

      27193.901287      task-clock (msec)         #    1.000 CPUs utilized            ( +-  0.82% )
                48      context-switches          #    0.002 K/sec                    ( +-  0.90% )
                 0      cpu-migrations            #    0.000 K/sec                  
            10,291      page-faults               #    0.378 K/sec                    ( +-  0.00% )
   <not supported>      cycles                   
   <not supported>      stalled-cycles-frontend  
   <not supported>      stalled-cycles-backend   
   <not supported>      instructions             
   <not supported>      branches                 
   <not supported>      branch-misses            

      27.194971964 seconds time elapsed                                          ( +-  0.82% )


Starting stats with:  THREADS=1, MEASUREMENTS=10, IMGSIZE=2048


 Performance counter stats for './mandelbrot_seq 0.175 0.375 -0.1 0.1 2048 1' (10 runs):

     112196.675675      task-clock (msec)         #    1.000 CPUs utilized            ( +-  1.07% )
               197      context-switches          #    0.002 K/sec                    ( +-  1.09% )
                 0      cpu-migrations            #    0.000 K/sec                  
            41,011      page-faults               #    0.366 K/sec                    ( +-  0.00% )
   <not supported>      cycles                   
   <not supported>      stalled-cycles-frontend  
   <not supported>      stalled-cycles-backend   
   <not supported>      instructions             
   <not supported>      branches                 
   <not supported>      branch-misses            

     112.200824181 seconds time elapsed                                          ( +-  1.07% )


Starting stats with:  THREADS=1, MEASUREMENTS=10, IMGSIZE=4096


 Performance counter stats for './mandelbrot_seq 0.175 0.375 -0.1 0.1 4096 1' (10 runs):

     442499.233800      task-clock (msec)         #    1.000 CPUs utilized            ( +-  0.41% )
               775      context-switches          #    0.002 K/sec                    ( +-  0.41% )
                 0      cpu-migrations            #    0.000 K/sec                  
           163,891      page-faults               #    0.370 K/sec                    ( +-  0.00% )
   <not supported>      cycles                   
   <not supported>      stalled-cycles-frontend  
   <not supported>      stalled-cycles-backend   
   <not supported>      instructions             
   <not supported>      branches                 
   <not supported>      branch-misses            

     442.512632607 seconds time elapsed                                          ( +-  0.41% )


Starting stats with:  THREADS=1, MEASUREMENTS=10, IMGSIZE=8192


 Performance counter stats for './mandelbrot_seq 0.175 0.375 -0.1 0.1 8192 1' (10 runs):

    1773926.717921      task-clock (msec)         #    1.000 CPUs utilized            ( +-  0.77% )
             3,113      context-switches          #    0.002 K/sec                    ( +-  0.73% )
                 0      cpu-migrations            #    0.000 K/sec                    ( +- 76.38% )
           655,411      page-faults               #    0.369 K/sec                    ( +-  0.00% )
   <not supported>      cycles                   
   <not supported>      stalled-cycles-frontend  
   <not supported>      stalled-cycles-backend   
   <not supported>      instructions             
   <not supported>      branches                 
   <not supported>      branch-misses            

    1773.980084805 seconds time elapsed                                          ( +-  0.77% )

