
Starting stats with:  THREADS=1, MEASUREMENTS=10, IMGSIZE=16


 Performance counter stats for './mandelbrot_seq -0.8 -0.7 0.05 0.15 16 1' (10 runs):

          7.081604      task-clock (msec)         #    0.966 CPUs utilized            ( +-  0.69% )
                 0      context-switches          #    0.000 K/sec                  
                 0      cpu-migrations            #    0.000 K/sec                  
                52      page-faults               #    0.007 M/sec                    ( +-  0.72% )
   <not supported>      cycles                   
   <not supported>      stalled-cycles-frontend  
   <not supported>      stalled-cycles-backend   
   <not supported>      instructions             
   <not supported>      branches                 
   <not supported>      branch-misses            

       0.007328214 seconds time elapsed                                          ( +-  0.68% )


Starting stats with:  THREADS=1, MEASUREMENTS=10, IMGSIZE=32


 Performance counter stats for './mandelbrot_seq -0.8 -0.7 0.05 0.15 32 1' (10 runs):

         27.031272      task-clock (msec)         #    0.990 CPUs utilized            ( +-  0.22% )
                 0      context-switches          #    0.000 K/sec                  
                 0      cpu-migrations            #    0.004 K/sec                    ( +-100.00% )
                60      page-faults               #    0.002 M/sec                    ( +-  0.56% )
   <not supported>      cycles                   
   <not supported>      stalled-cycles-frontend  
   <not supported>      stalled-cycles-backend   
   <not supported>      instructions             
   <not supported>      branches                 
   <not supported>      branch-misses            

       0.027291261 seconds time elapsed                                          ( +-  0.22% )


Starting stats with:  THREADS=1, MEASUREMENTS=10, IMGSIZE=64


 Performance counter stats for './mandelbrot_seq -0.8 -0.7 0.05 0.15 64 1' (10 runs):

        106.264585      task-clock (msec)         #    0.997 CPUs utilized            ( +-  0.58% )
                 0      context-switches          #    0.002 K/sec                    ( +-100.00% )
                 0      cpu-migrations            #    0.000 K/sec                  
                90      page-faults               #    0.845 K/sec                    ( +-  0.22% )
   <not supported>      cycles                   
   <not supported>      stalled-cycles-frontend  
   <not supported>      stalled-cycles-backend   
   <not supported>      instructions             
   <not supported>      branches                 
   <not supported>      branch-misses            

       0.106571109 seconds time elapsed                                          ( +-  0.58% )


Starting stats with:  THREADS=1, MEASUREMENTS=10, IMGSIZE=128


 Performance counter stats for './mandelbrot_seq -0.8 -0.7 0.05 0.15 128 1' (10 runs):

        417.957987      task-clock (msec)         #    0.999 CPUs utilized            ( +-  0.70% )
                 1      context-switches          #    0.002 K/sec                    ( +- 33.33% )
                 0      cpu-migrations            #    0.000 K/sec                    ( +-100.00% )
               210      page-faults               #    0.502 K/sec                    ( +-  0.16% )
   <not supported>      cycles                   
   <not supported>      stalled-cycles-frontend  
   <not supported>      stalled-cycles-backend   
   <not supported>      instructions             
   <not supported>      branches                 
   <not supported>      branch-misses            

       0.418438374 seconds time elapsed                                          ( +-  0.69% )


Starting stats with:  THREADS=1, MEASUREMENTS=10, IMGSIZE=256


 Performance counter stats for './mandelbrot_seq -0.8 -0.7 0.05 0.15 256 1' (10 runs):

       1671.464859      task-clock (msec)         #    1.000 CPUs utilized            ( +-  0.34% )
                 3      context-switches          #    0.002 K/sec                    ( +- 11.23% )
                 0      cpu-migrations            #    0.000 K/sec                    ( +- 66.67% )
               691      page-faults               #    0.413 K/sec                    ( +-  0.05% )
   <not supported>      cycles                   
   <not supported>      stalled-cycles-frontend  
   <not supported>      stalled-cycles-backend   
   <not supported>      instructions             
   <not supported>      branches                 
   <not supported>      branch-misses            

       1.671875626 seconds time elapsed                                          ( +-  0.34% )


Starting stats with:  THREADS=1, MEASUREMENTS=10, IMGSIZE=512


 Performance counter stats for './mandelbrot_seq -0.8 -0.7 0.05 0.15 512 1' (10 runs):

       6571.161571      task-clock (msec)         #    1.000 CPUs utilized            ( +-  0.33% )
                12      context-switches          #    0.002 K/sec                    ( +-  3.20% )
                 0      cpu-migrations            #    0.000 K/sec                  
             2,610      page-faults               #    0.397 K/sec                    ( +-  0.01% )
   <not supported>      cycles                   
   <not supported>      stalled-cycles-frontend  
   <not supported>      stalled-cycles-backend   
   <not supported>      instructions             
   <not supported>      branches                 
   <not supported>      branch-misses            

       6.571767593 seconds time elapsed                                          ( +-  0.33% )


Starting stats with:  THREADS=1, MEASUREMENTS=10, IMGSIZE=1024


 Performance counter stats for './mandelbrot_seq -0.8 -0.7 0.05 0.15 1024 1' (10 runs):

      25975.559167      task-clock (msec)         #    1.000 CPUs utilized            ( +-  0.45% )
                45      context-switches          #    0.002 K/sec                    ( +-  0.49% )
                 0      cpu-migrations            #    0.000 K/sec                  
            10,291      page-faults               #    0.396 K/sec                    ( +-  0.00% )
   <not supported>      cycles                   
   <not supported>      stalled-cycles-frontend  
   <not supported>      stalled-cycles-backend   
   <not supported>      instructions             
   <not supported>      branches                 
   <not supported>      branch-misses            

      25.976478201 seconds time elapsed                                          ( +-  0.45% )


Starting stats with:  THREADS=1, MEASUREMENTS=10, IMGSIZE=2048


 Performance counter stats for './mandelbrot_seq -0.8 -0.7 0.05 0.15 2048 1' (10 runs):

     108802.522794      task-clock (msec)         #    1.000 CPUs utilized            ( +-  0.31% )
               190      context-switches          #    0.002 K/sec                    ( +-  0.31% )
                 0      cpu-migrations            #    0.000 K/sec                  
            41,011      page-faults               #    0.377 K/sec                    ( +-  0.00% )
   <not supported>      cycles                   
   <not supported>      stalled-cycles-frontend  
   <not supported>      stalled-cycles-backend   
   <not supported>      instructions             
   <not supported>      branches                 
   <not supported>      branch-misses            

     108.805719709 seconds time elapsed                                          ( +-  0.31% )


Starting stats with:  THREADS=1, MEASUREMENTS=10, IMGSIZE=4096


 Performance counter stats for './mandelbrot_seq -0.8 -0.7 0.05 0.15 4096 1' (10 runs):

     433317.864954      task-clock (msec)         #    1.000 CPUs utilized            ( +-  0.18% )
               758      context-switches          #    0.002 K/sec                    ( +-  0.17% )
                 0      cpu-migrations            #    0.000 K/sec                  
           163,891      page-faults               #    0.378 K/sec                    ( +-  0.00% )
   <not supported>      cycles                   
   <not supported>      stalled-cycles-frontend  
   <not supported>      stalled-cycles-backend   
   <not supported>      instructions             
   <not supported>      branches                 
   <not supported>      branch-misses            

     433.328784988 seconds time elapsed                                          ( +-  0.18% )


Starting stats with:  THREADS=1, MEASUREMENTS=10, IMGSIZE=8192


 Performance counter stats for './mandelbrot_seq -0.8 -0.7 0.05 0.15 8192 1' (10 runs):

    1750436.236418      task-clock (msec)         #    1.000 CPUs utilized            ( +-  0.52% )
             3,073      context-switches          #    0.002 K/sec                    ( +-  0.54% )
                 0      cpu-migrations            #    0.000 K/sec                    ( +-100.00% )
           655,411      page-faults               #    0.374 K/sec                    ( +-  0.00% )
   <not supported>      cycles                   
   <not supported>      stalled-cycles-frontend  
   <not supported>      stalled-cycles-backend   
   <not supported>      instructions             
   <not supported>      branches                 
   <not supported>      branch-misses            

    1750.489079546 seconds time elapsed                                          ( +-  0.52% )

