
Starting stats with:  THREADS=1, MEASUREMENTS=10, IMGSIZE=16


 Performance counter stats for './mandelbrot_seq -0.188 -0.012 0.554 0.754 16 1' (10 runs):

          8.577992      task-clock (msec)         #    0.970 CPUs utilized            ( +-  0.63% )
                 0      context-switches          #    0.000 K/sec                  
                 0      cpu-migrations            #    0.000 K/sec                  
                52      page-faults               #    0.006 M/sec                    ( +-  0.56% )
   <not supported>      cycles                   
   <not supported>      stalled-cycles-frontend  
   <not supported>      stalled-cycles-backend   
   <not supported>      instructions             
   <not supported>      branches                 
   <not supported>      branch-misses            

       0.008841652 seconds time elapsed                                          ( +-  0.59% )


Starting stats with:  THREADS=1, MEASUREMENTS=10, IMGSIZE=32


 Performance counter stats for './mandelbrot_seq -0.188 -0.012 0.554 0.754 32 1' (10 runs):

         33.023909      task-clock (msec)         #    0.991 CPUs utilized            ( +-  0.67% )
                 0      context-switches          #    0.003 K/sec                    ( +-100.00% )
                 0      cpu-migrations            #    0.006 K/sec                    ( +- 66.67% )
                60      page-faults               #    0.002 M/sec                    ( +-  0.55% )
   <not supported>      cycles                   
   <not supported>      stalled-cycles-frontend  
   <not supported>      stalled-cycles-backend   
   <not supported>      instructions             
   <not supported>      branches                 
   <not supported>      branch-misses            

       0.033309343 seconds time elapsed                                          ( +-  0.64% )


Starting stats with:  THREADS=1, MEASUREMENTS=10, IMGSIZE=64


 Performance counter stats for './mandelbrot_seq -0.188 -0.012 0.554 0.754 64 1' (10 runs):

        129.667110      task-clock (msec)         #    0.997 CPUs utilized            ( +-  0.78% )
                 0      context-switches          #    0.002 K/sec                    ( +- 71.15% )
                 0      cpu-migrations            #    0.000 K/sec                  
                90      page-faults               #    0.693 K/sec                    ( +-  0.36% )
   <not supported>      cycles                   
   <not supported>      stalled-cycles-frontend  
   <not supported>      stalled-cycles-backend   
   <not supported>      instructions             
   <not supported>      branches                 
   <not supported>      branch-misses            

       0.130000904 seconds time elapsed                                          ( +-  0.77% )


Starting stats with:  THREADS=1, MEASUREMENTS=10, IMGSIZE=128


 Performance counter stats for './mandelbrot_seq -0.188 -0.012 0.554 0.754 128 1' (10 runs):

        511.178759      task-clock (msec)         #    0.999 CPUs utilized            ( +-  0.61% )
                 1      context-switches          #    0.003 K/sec                    ( +- 23.08% )
                 0      cpu-migrations            #    0.000 K/sec                  
               210      page-faults               #    0.411 K/sec                    ( +-  0.18% )
   <not supported>      cycles                   
   <not supported>      stalled-cycles-frontend  
   <not supported>      stalled-cycles-backend   
   <not supported>      instructions             
   <not supported>      branches                 
   <not supported>      branch-misses            

       0.511684206 seconds time elapsed                                          ( +-  0.61% )


Starting stats with:  THREADS=1, MEASUREMENTS=10, IMGSIZE=256


 Performance counter stats for './mandelbrot_seq -0.188 -0.012 0.554 0.754 256 1' (10 runs):

       1973.413448      task-clock (msec)         #    1.000 CPUs utilized            ( +-  0.11% )
                 4      context-switches          #    0.002 K/sec                    ( +-  4.76% )
                 0      cpu-migrations            #    0.000 K/sec                  
               691      page-faults               #    0.350 K/sec                    ( +-  0.05% )
   <not supported>      cycles                   
   <not supported>      stalled-cycles-frontend  
   <not supported>      stalled-cycles-backend   
   <not supported>      instructions             
   <not supported>      branches                 
   <not supported>      branch-misses            

       1.973819748 seconds time elapsed                                          ( +-  0.11% )


Starting stats with:  THREADS=1, MEASUREMENTS=10, IMGSIZE=512


 Performance counter stats for './mandelbrot_seq -0.188 -0.012 0.554 0.754 512 1' (10 runs):

       8076.987323      task-clock (msec)         #    1.000 CPUs utilized            ( +-  0.27% )
                14      context-switches          #    0.002 K/sec                    ( +-  1.41% )
                 0      cpu-migrations            #    0.000 K/sec                  
             2,611      page-faults               #    0.323 K/sec                    ( +-  0.01% )
   <not supported>      cycles                   
   <not supported>      stalled-cycles-frontend  
   <not supported>      stalled-cycles-backend   
   <not supported>      instructions             
   <not supported>      branches                 
   <not supported>      branch-misses            

       8.077582748 seconds time elapsed                                          ( +-  0.27% )


Starting stats with:  THREADS=1, MEASUREMENTS=10, IMGSIZE=1024


 Performance counter stats for './mandelbrot_seq -0.188 -0.012 0.554 0.754 1024 1' (10 runs):

      33317.210587      task-clock (msec)         #    1.000 CPUs utilized            ( +-  0.23% )
                58      context-switches          #    0.002 K/sec                    ( +-  0.28% )
                 0      cpu-migrations            #    0.000 K/sec                  
            10,291      page-faults               #    0.309 K/sec                    ( +-  0.00% )
   <not supported>      cycles                   
   <not supported>      stalled-cycles-frontend  
   <not supported>      stalled-cycles-backend   
   <not supported>      instructions             
   <not supported>      branches                 
   <not supported>      branch-misses            

      33.318423710 seconds time elapsed                                          ( +-  0.23% )


Starting stats with:  THREADS=1, MEASUREMENTS=10, IMGSIZE=2048


 Performance counter stats for './mandelbrot_seq -0.188 -0.012 0.554 0.754 2048 1' (10 runs):

     133164.364110      task-clock (msec)         #    1.000 CPUs utilized            ( +-  0.69% )
               233      context-switches          #    0.002 K/sec                    ( +-  0.73% )
                 0      cpu-migrations            #    0.000 K/sec                  
            41,011      page-faults               #    0.308 K/sec                    ( +-  0.00% )
   <not supported>      cycles                   
   <not supported>      stalled-cycles-frontend  
   <not supported>      stalled-cycles-backend   
   <not supported>      instructions             
   <not supported>      branches                 
   <not supported>      branch-misses            

     133.168221322 seconds time elapsed                                          ( +-  0.69% )


Starting stats with:  THREADS=1, MEASUREMENTS=10, IMGSIZE=4096


 Performance counter stats for './mandelbrot_seq -0.188 -0.012 0.554 0.754 4096 1' (10 runs):

     533010.504518      task-clock (msec)         #    1.000 CPUs utilized            ( +-  0.41% )
               933      context-switches          #    0.002 K/sec                    ( +-  0.41% )
                 0      cpu-migrations            #    0.000 K/sec                    ( +-100.00% )
           163,891      page-faults               #    0.307 K/sec                    ( +-  0.00% )
   <not supported>      cycles                   
   <not supported>      stalled-cycles-frontend  
   <not supported>      stalled-cycles-backend   
   <not supported>      instructions             
   <not supported>      branches                 
   <not supported>      branch-misses            

     533.027297015 seconds time elapsed                                          ( +-  0.41% )


Starting stats with:  THREADS=1, MEASUREMENTS=10, IMGSIZE=8192


 Performance counter stats for './mandelbrot_seq -0.188 -0.012 0.554 0.754 8192 1' (10 runs):

    2153111.990096      task-clock (msec)         #    1.000 CPUs utilized            ( +-  0.49% )
             3,769      context-switches          #    0.002 K/sec                    ( +-  0.49% )
                 0      cpu-migrations            #    0.000 K/sec                    ( +-100.00% )
           655,411      page-faults               #    0.304 K/sec                    ( +-  0.00% )
   <not supported>      cycles                   
   <not supported>      stalled-cycles-frontend  
   <not supported>      stalled-cycles-backend   
   <not supported>      instructions             
   <not supported>      branches                 
   <not supported>      branch-misses            

    2153.174639280 seconds time elapsed                                          ( +-  0.49% )

